Z:\STANDALONE BULLET SOFTBODY\BULLETSOFTBODIES\X64\DEBUG\SOURCE.OBJ
Z:\STANDALONE BULLET SOFTBODY\BULLETSOFTBODIES\X64\DEBUG\TETRASOLVER.OBJ
Z:\STANDALONE BULLET SOFTBODY\BULLETSOFTBODIES\X64\DEBUG\VC110.PDB
Z:\UNITY PROJECTS\VOLUMETRIC CUTTING\API\BULLETSOFTBODIES.ILK
Z:\UNITY PROJECTS\VOLUMETRIC CUTTING\API\BULLETSOFTBODIES.EXE
Z:\UNITY PROJECTS\VOLUMETRIC CUTTING\API\BULLETSOFTBODIES.PDB
Z:\Standalone Bullet Softbody\BulletSoftbodies\x64\Debug\Source.obj
Z:\Standalone Bullet Softbody\BulletSoftbodies\x64\Debug\TetraSolver.obj
Z:\Standalone Bullet Softbody\BulletSoftbodies\x64\Debug\cl.command.1.tlog
Z:\Standalone Bullet Softbody\BulletSoftbodies\x64\Debug\CL.read.1.tlog
Z:\Standalone Bullet Softbody\BulletSoftbodies\x64\Debug\CL.write.1.tlog
Z:\Standalone Bullet Softbody\BulletSoftbodies\x64\Debug\link-cvtres.read.1.tlog
Z:\Standalone Bullet Softbody\BulletSoftbodies\x64\Debug\link-cvtres.write.1.tlog
Z:\Standalone Bullet Softbody\BulletSoftbodies\x64\Debug\link-rc.read.1.tlog
Z:\Standalone Bullet Softbody\BulletSoftbodies\x64\Debug\link-rc.write.1.tlog
Z:\Standalone Bullet Softbody\BulletSoftbodies\x64\Debug\link.command.1.tlog
Z:\Standalone Bullet Softbody\BulletSoftbodies\x64\Debug\link.read.1.tlog
Z:\Standalone Bullet Softbody\BulletSoftbodies\x64\Debug\link.write.1.tlog
Z:\Standalone Bullet Softbody\BulletSoftbodies\x64\Debug\vc110.idb
Z:\Standalone Bullet Softbody\BulletSoftbodies\x64\Debug\vc110.pdb
Z:\Unity Projects\Volumetric Cutting\api\BulletSoftbodies.pdb
Z:\Unity Projects\Volumetric Cutting\api\BulletSoftbodies.exe
Z:\Unity Projects\Volumetric Cutting\api\BulletSoftbodies.ilk
