Z:\STANDALONE BULLET SOFTBODY\BULLETSOFTBODIES\X64\RELEASE\TETRASOLVER.OBJ
Z:\STANDALONE BULLET SOFTBODY\BULLETSOFTBODIES\X64\RELEASE\SOURCE.OBJ
Z:\STANDALONE BULLET SOFTBODY\BULLETSOFTBODIES\X64\RELEASE\VC110.PDB
Z:\UNITY PROJECTS\VOLUMETRIC CUTTING\API\BULLETSOFTBODIES2.EXE
Z:\UNITY PROJECTS\VOLUMETRIC CUTTING\API\BULLETSOFTBODIES2.PDB
Z:\Standalone Bullet Softbody\BulletSoftbodies\x64\Release\scapelobj.obj
Z:\Standalone Bullet Softbody\BulletSoftbodies\x64\Release\Source.obj
Z:\Standalone Bullet Softbody\BulletSoftbodies\x64\Release\tetra.obj
Z:\Standalone Bullet Softbody\BulletSoftbodies\x64\Release\TetraSolver.obj
Z:\Standalone Bullet Softbody\BulletSoftbodies\x64\Release\cl.command.1.tlog
Z:\Standalone Bullet Softbody\BulletSoftbodies\x64\Release\CL.read.1.tlog
Z:\Standalone Bullet Softbody\BulletSoftbodies\x64\Release\CL.write.1.tlog
Z:\Standalone Bullet Softbody\BulletSoftbodies\x64\Release\link-cvtres.read.1.tlog
Z:\Standalone Bullet Softbody\BulletSoftbodies\x64\Release\link-cvtres.write.1.tlog
Z:\Standalone Bullet Softbody\BulletSoftbodies\x64\Release\link-rc.read.1.tlog
Z:\Standalone Bullet Softbody\BulletSoftbodies\x64\Release\link-rc.write.1.tlog
Z:\Standalone Bullet Softbody\BulletSoftbodies\x64\Release\link.command.1.tlog
Z:\Standalone Bullet Softbody\BulletSoftbodies\x64\Release\link.read.1.tlog
Z:\Standalone Bullet Softbody\BulletSoftbodies\x64\Release\link.read.2.tlog
Z:\Standalone Bullet Softbody\BulletSoftbodies\x64\Release\link.write.1.tlog
Z:\Standalone Bullet Softbody\BulletSoftbodies\x64\Release\BulletSoftbodies.pdb
Z:\Standalone Bullet Softbody\BulletSoftbodies\x64\Release\vc110.pdb
Z:\Unity Projects\Volumetric Cutting\api\BulletSoftbodies2.pdb
Z:\Unity Projects\Volumetric Cutting\api\BulletSoftbodies2.exe
